<?xml version="1.0" encoding="UTF-8"?>
<testsuite name="com.koreait.day5.model.entity.EventTest" tests="1" skipped="0" failures="0" errors="0" timestamp="2022-12-12T06:19:47" hostname="C02" time="0.302">
  <properties/>
  <testcase name="create()" classname="com.koreait.day5.model.entity.EventTest" time="0.302"/>
  <system-out><![CDATA[15:19:43.076 [Test worker] DEBUG org.springframework.test.context.BootstrapUtils - Instantiating CacheAwareContextLoaderDelegate from class [org.springframework.test.context.cache.DefaultCacheAwareContextLoaderDelegate]
15:19:43.084 [Test worker] DEBUG org.springframework.test.context.BootstrapUtils - Instantiating BootstrapContext using constructor [public org.springframework.test.context.support.DefaultBootstrapContext(java.lang.Class,org.springframework.test.context.CacheAwareContextLoaderDelegate)]
15:19:43.107 [Test worker] DEBUG org.springframework.test.context.BootstrapUtils - Instantiating TestContextBootstrapper for test class [com.koreait.day5.model.entity.EventTest] from class [org.springframework.boot.test.context.SpringBootTestContextBootstrapper]
15:19:43.115 [Test worker] INFO org.springframework.boot.test.context.SpringBootTestContextBootstrapper - Neither @ContextConfiguration nor @ContextHierarchy found for test class [com.koreait.day5.model.entity.EventTest], using SpringBootContextLoader
15:19:43.118 [Test worker] DEBUG org.springframework.test.context.support.AbstractContextLoader - Did not detect default resource location for test class [com.koreait.day5.model.entity.EventTest]: class path resource [com/koreait/day5/model/entity/EventTest-context.xml] does not exist
15:19:43.118 [Test worker] DEBUG org.springframework.test.context.support.AbstractContextLoader - Did not detect default resource location for test class [com.koreait.day5.model.entity.EventTest]: class path resource [com/koreait/day5/model/entity/EventTestContext.groovy] does not exist
15:19:43.118 [Test worker] INFO org.springframework.test.context.support.AbstractContextLoader - Could not detect default resource locations for test class [com.koreait.day5.model.entity.EventTest]: no resource found for suffixes {-context.xml, Context.groovy}.
15:19:43.119 [Test worker] INFO org.springframework.test.context.support.AnnotationConfigContextLoaderUtils - Could not detect default configuration classes for test class [com.koreait.day5.model.entity.EventTest]: EventTest does not declare any static, non-private, non-final, nested classes annotated with @Configuration.
15:19:43.149 [Test worker] DEBUG org.springframework.test.context.support.ActiveProfilesUtils - Could not find an 'annotation declaring class' for annotation type [org.springframework.test.context.ActiveProfiles] and class [com.koreait.day5.model.entity.EventTest]
15:19:43.199 [Test worker] DEBUG org.springframework.context.annotation.ClassPathScanningCandidateComponentProvider - Identified candidate component class: file [C:\Users\Administrator\Desktop\study\Spring\day5\build\classes\java\main\com\koreait\day5\Day5Application.class]
15:19:43.200 [Test worker] INFO org.springframework.boot.test.context.SpringBootTestContextBootstrapper - Found @SpringBootConfiguration com.koreait.day5.Day5Application for test class com.koreait.day5.model.entity.EventTest
15:19:43.277 [Test worker] DEBUG org.springframework.boot.test.context.SpringBootTestContextBootstrapper - @TestExecutionListeners is not present for class [com.koreait.day5.model.entity.EventTest]: using defaults.
15:19:43.277 [Test worker] INFO org.springframework.boot.test.context.SpringBootTestContextBootstrapper - Loaded default TestExecutionListener class names from location [META-INF/spring.factories]: [org.springframework.boot.test.autoconfigure.restdocs.RestDocsTestExecutionListener, org.springframework.boot.test.autoconfigure.web.client.MockRestServiceServerResetTestExecutionListener, org.springframework.boot.test.autoconfigure.web.servlet.MockMvcPrintOnlyOnFailureTestExecutionListener, org.springframework.boot.test.autoconfigure.web.servlet.WebDriverTestExecutionListener, org.springframework.boot.test.autoconfigure.webservices.client.MockWebServiceServerTestExecutionListener, org.springframework.boot.test.mock.mockito.MockitoTestExecutionListener, org.springframework.boot.test.mock.mockito.ResetMocksTestExecutionListener, org.springframework.test.context.web.ServletTestExecutionListener, org.springframework.test.context.support.DirtiesContextBeforeModesTestExecutionListener, org.springframework.test.context.event.ApplicationEventsTestExecutionListener, org.springframework.test.context.support.DependencyInjectionTestExecutionListener, org.springframework.test.context.support.DirtiesContextTestExecutionListener, org.springframework.test.context.transaction.TransactionalTestExecutionListener, org.springframework.test.context.jdbc.SqlScriptsTestExecutionListener, org.springframework.test.context.event.EventPublishingTestExecutionListener]
15:19:43.288 [Test worker] INFO org.springframework.boot.test.context.SpringBootTestContextBootstrapper - Using TestExecutionListeners: [org.springframework.test.context.web.ServletTestExecutionListener@610db97e, org.springframework.test.context.support.DirtiesContextBeforeModesTestExecutionListener@6f0628de, org.springframework.test.context.event.ApplicationEventsTestExecutionListener@3fabf088, org.springframework.boot.test.mock.mockito.MockitoTestExecutionListener@1e392345, org.springframework.boot.test.autoconfigure.SpringBootDependencyInjectionTestExecutionListener@12f3afb5, org.springframework.test.context.support.DirtiesContextTestExecutionListener@4ced35ed, org.springframework.test.context.transaction.TransactionalTestExecutionListener@2c22a348, org.springframework.test.context.jdbc.SqlScriptsTestExecutionListener@7bd69e82, org.springframework.test.context.event.EventPublishingTestExecutionListener@74d7184a, org.springframework.boot.test.autoconfigure.restdocs.RestDocsTestExecutionListener@51b01960, org.springframework.boot.test.autoconfigure.web.client.MockRestServiceServerResetTestExecutionListener@6831d8fd, org.springframework.boot.test.autoconfigure.web.servlet.MockMvcPrintOnlyOnFailureTestExecutionListener@27dc79f7, org.springframework.boot.test.autoconfigure.web.servlet.WebDriverTestExecutionListener@6b85300e, org.springframework.boot.test.autoconfigure.webservices.client.MockWebServiceServerTestExecutionListener@3aaf4f07, org.springframework.boot.test.mock.mockito.ResetMocksTestExecutionListener@5cbf9e9f]
15:19:43.290 [Test worker] DEBUG org.springframework.test.context.support.AbstractDirtiesContextTestExecutionListener - Before test class: context [DefaultTestContext@24b52d3e testClass = EventTest, testInstance = [null], testMethod = [null], testException = [null], mergedContextConfiguration = [WebMergedContextConfiguration@15deb1dc testClass = EventTest, locations = '{}', classes = '{class com.koreait.day5.Day5Application}', contextInitializerClasses = '[]', activeProfiles = '{}', propertySourceLocations = '{}', propertySourceProperties = '{org.springframework.boot.test.context.SpringBootTestContextBootstrapper=true}', contextCustomizers = set[org.springframework.boot.test.autoconfigure.actuate.metrics.MetricsExportContextCustomizerFactory$DisableMetricExportContextCustomizer@163d04ff, org.springframework.boot.test.autoconfigure.properties.PropertyMappingContextCustomizer@0, org.springframework.boot.test.autoconfigure.web.servlet.WebDriverContextCustomizerFactory$Customizer@5af3a0f, org.springframework.boot.test.context.filter.ExcludeFilterContextCustomizer@72cf2de5, org.springframework.boot.test.json.DuplicateJsonObjectContextCustomizerFactory$DuplicateJsonObjectContextCustomizer@53812a9b, org.springframework.boot.test.mock.mockito.MockitoContextCustomizer@0, org.springframework.boot.test.web.client.TestRestTemplateContextCustomizer@5974109, org.springframework.boot.test.context.SpringBootTestArgs@1, org.springframework.boot.test.context.SpringBootTestWebEnvironment@471a9022], resourceBasePath = 'src/main/webapp', contextLoader = 'org.springframework.boot.test.context.SpringBootContextLoader', parent = [null]], attributes = map['org.springframework.test.context.web.ServletTestExecutionListener.activateListener' -> true]], class annotated with @DirtiesContext [false] with mode [null].

  .   ____          _            __ _ _
 /\\ / ___'_ __ _ _(_)_ __  __ _ \ \ \ \
( ( )\___ | '_ | '_| | '_ \/ _` | \ \ \ \
 \\/  ___)| |_)| | | | | || (_| |  ) ) ) )
  '  |____| .__|_| |_|_| |_\__, | / / / /
 =========|_|==============|___/=/_/_/_/
 :: Spring Boot ::                (v2.7.6)

2022-12-12 15:19:43.574  INFO 11576 --- [    Test worker] com.koreait.day5.model.entity.EventTest  : Starting EventTest using Java 11.0.17 on C02 with PID 11576 (started by ITGN in C:\Users\Administrator\Desktop\study\Spring\day5)
2022-12-12 15:19:43.576  INFO 11576 --- [    Test worker] com.koreait.day5.model.entity.EventTest  : No active profile set, falling back to 1 default profile: "default"
2022-12-12 15:19:44.037  INFO 11576 --- [    Test worker] .s.d.r.c.RepositoryConfigurationDelegate : Bootstrapping Spring Data JPA repositories in DEFAULT mode.
2022-12-12 15:19:44.100  INFO 11576 --- [    Test worker] .s.d.r.c.RepositoryConfigurationDelegate : Finished Spring Data repository scanning in 57 ms. Found 8 JPA repository interfaces.
2022-12-12 15:19:44.565  INFO 11576 --- [    Test worker] com.zaxxer.hikari.HikariDataSource       : HikariPool-1 - Starting...
2022-12-12 15:19:44.804  INFO 11576 --- [    Test worker] com.zaxxer.hikari.HikariDataSource       : HikariPool-1 - Start completed.
2022-12-12 15:19:44.853  INFO 11576 --- [    Test worker] o.hibernate.jpa.internal.util.LogHelper  : HHH000204: Processing PersistenceUnitInfo [name: default]
2022-12-12 15:19:44.895  INFO 11576 --- [    Test worker] org.hibernate.Version                    : HHH000412: Hibernate ORM core version 5.6.14.Final
2022-12-12 15:19:45.059  INFO 11576 --- [    Test worker] o.hibernate.annotations.common.Version   : HCANN000001: Hibernate Commons Annotations {5.1.2.Final}
2022-12-12 15:19:45.177  INFO 11576 --- [    Test worker] org.hibernate.dialect.Dialect            : HHH000400: Using dialect: org.hibernate.dialect.MySQL8Dialect
2022-12-12 15:19:45.703  INFO 11576 --- [    Test worker] o.h.e.t.j.p.i.JtaPlatformInitiator       : HHH000490: Using JtaPlatform implementation: [org.hibernate.engine.transaction.jta.platform.internal.NoJtaPlatform]
2022-12-12 15:19:45.711  INFO 11576 --- [    Test worker] j.LocalContainerEntityManagerFactoryBean : Initialized JPA EntityManagerFactory for persistence unit 'default'
2022-12-12 15:19:45.968  WARN 11576 --- [    Test worker] JpaBaseConfiguration$JpaWebConfiguration : spring.jpa.open-in-view is enabled by default. Therefore, database queries may be performed during view rendering. Explicitly configure spring.jpa.open-in-view to disable this warning
2022-12-12 15:19:47.328  INFO 11576 --- [    Test worker] com.koreait.day5.model.entity.EventTest  : Started EventTest in 4.011 seconds (JVM running for 4.844)
Hibernate: 
    insert 
    into
        event
        (reg_date, update_date, content, user_id) 
    values
        (?, ?, ?, ?)
]]></system-out>
  <system-err><![CDATA[]]></system-err>
</testsuite>
